!SESSION 2024-06-10 17:57:39.293 -----------------------------------------------
eclipse.buildId=unknown
java.fullversion=11.0.13+8
JRE 11 Windows 10 amd64-64-Bit Compressed References 20211022_218 (JIT enabled, AOT enabled)
OpenJ9   - e1e72c497
OMR      - 299b6a2d2
JCL      - 2d83aa3b76 based on jdk-11.0.13+8
BootLoader constants: OS=win32, ARCH=x86_64, WS=win32, NL=es_AR
Command-line arguments:  -clean -nl es_AR -configuration C:\Users\fedeg\Downloads\FIUBA\MODELOS 1\TP\tercera_parte\tercera_parte\.metadata\workspace_oplrun

!ENTRY ilog.odms.ide.opllang.remote 1 0 2024-06-10 17:57:39.293
!MESSAGE Run Ejecucion in C:/Users/fedeg/Downloads/FIUBA/MODELOS 1/IBM - CPLEX (guias y TPs)/modelos_wvcp/WVCP

!ENTRY ilog.odms.ide.opllang.remote 4 0 2024-06-10 17:58:36.357
!MESSAGE run failed
!STACK 0
ilog.concert.IloException: Processing aborted.
	at ilog.opl.opl_lang_wrapJNI.IloOplModel_main(Native Method)
	at ilog.opl.IloOplModel.main(IloOplModel.java:759)
	at ilog.odms.ide.opllang.remote.IloOplRunConfigRunner.doProcessMain(IloOplRunConfigRunner.java:341)
	at ilog.odms.ide.opllang.remote.IloOplRunConfigRunner.doProcessModel(IloOplRunConfigRunner.java:161)
	at ilog.odms.ide.opllang.remote.IloOplRunConfigRunner.doRun(IloOplRunConfigRunner.java:377)
	at ilog.odms.ide.opllang.run.IloAbstractRunShell$2.run(IloAbstractRunShell.java:1605)
	at org.eclipse.core.internal.jobs.Worker.run(Worker.java:63)
!SESSION 2024-06-10 17:59:47.941 -----------------------------------------------
eclipse.buildId=unknown
java.fullversion=11.0.13+8
JRE 11 Windows 10 amd64-64-Bit Compressed References 20211022_218 (JIT enabled, AOT enabled)
OpenJ9   - e1e72c497
OMR      - 299b6a2d2
JCL      - 2d83aa3b76 based on jdk-11.0.13+8
BootLoader constants: OS=win32, ARCH=x86_64, WS=win32, NL=es_AR
Command-line arguments:  -clean -nl es_AR -configuration C:\Users\fedeg\Downloads\FIUBA\MODELOS 1\TP\tercera_parte\tercera_parte\.metadata\workspace_oplrun

!ENTRY ilog.odms.ide.opllang.remote 1 0 2024-06-10 17:59:47.941
!MESSAGE Run Ejecucion in C:/Users/fedeg/Downloads/FIUBA/MODELOS 1/IBM - CPLEX (guias y TPs)/modelos_wvcp/WVCP

!ENTRY ilog.odms.ide.opllang.remote 4 0 2024-06-10 17:59:52.947
!MESSAGE run failed
!STACK 0
ilog.concert.IloException: Processing aborted.
	at ilog.opl.opl_lang_wrapJNI.IloOplModel_main(Native Method)
	at ilog.opl.IloOplModel.main(IloOplModel.java:759)
	at ilog.odms.ide.opllang.remote.IloOplRunConfigRunner.doProcessMain(IloOplRunConfigRunner.java:341)
	at ilog.odms.ide.opllang.remote.IloOplRunConfigRunner.doProcessModel(IloOplRunConfigRunner.java:161)
	at ilog.odms.ide.opllang.remote.IloOplRunConfigRunner.doRun(IloOplRunConfigRunner.java:377)
	at ilog.odms.ide.opllang.run.IloAbstractRunShell$2.run(IloAbstractRunShell.java:1605)
	at org.eclipse.core.internal.jobs.Worker.run(Worker.java:63)
!SESSION 2024-06-10 17:59:58.191 -----------------------------------------------
eclipse.buildId=unknown
java.fullversion=11.0.13+8
JRE 11 Windows 10 amd64-64-Bit Compressed References 20211022_218 (JIT enabled, AOT enabled)
OpenJ9   - e1e72c497
OMR      - 299b6a2d2
JCL      - 2d83aa3b76 based on jdk-11.0.13+8
BootLoader constants: OS=win32, ARCH=x86_64, WS=win32, NL=es_AR
Command-line arguments:  -clean -nl es_AR -configuration C:\Users\fedeg\Downloads\FIUBA\MODELOS 1\TP\tercera_parte\tercera_parte\.metadata\workspace_oplrun

!ENTRY ilog.odms.ide.opllang.remote 1 0 2024-06-10 17:59:58.191
!MESSAGE Run Ejecucion in C:/Users/fedeg/Downloads/FIUBA/MODELOS 1/IBM - CPLEX (guias y TPs)/modelos_wvcp/WVCP

!ENTRY ilog.odms.ide.opllang.remote 4 0 2024-06-10 18:56:24.395
!MESSAGE run failed
!STACK 0
ilog.concert.IloException: Processing aborted.
	at ilog.opl.opl_lang_wrapJNI.IloOplModel_main(Native Method)
	at ilog.opl.IloOplModel.main(IloOplModel.java:759)
	at ilog.odms.ide.opllang.remote.IloOplRunConfigRunner.doProcessMain(IloOplRunConfigRunner.java:341)
	at ilog.odms.ide.opllang.remote.IloOplRunConfigRunner.doProcessModel(IloOplRunConfigRunner.java:161)
	at ilog.odms.ide.opllang.remote.IloOplRunConfigRunner.doRun(IloOplRunConfigRunner.java:377)
	at ilog.odms.ide.opllang.run.IloAbstractRunShell$2.run(IloAbstractRunShell.java:1605)
	at org.eclipse.core.internal.jobs.Worker.run(Worker.java:63)
!SESSION 2024-06-10 18:58:50.538 -----------------------------------------------
eclipse.buildId=unknown
java.fullversion=11.0.13+8
JRE 11 Windows 10 amd64-64-Bit Compressed References 20211022_218 (JIT enabled, AOT enabled)
OpenJ9   - e1e72c497
OMR      - 299b6a2d2
JCL      - 2d83aa3b76 based on jdk-11.0.13+8
BootLoader constants: OS=win32, ARCH=x86_64, WS=win32, NL=es_AR
Command-line arguments:  -clean -nl es_AR -configuration C:\Users\fedeg\Downloads\FIUBA\MODELOS 1\TP\tercera_parte\tercera_parte\.metadata\workspace_oplrun

!ENTRY ilog.odms.ide.opllang.remote 1 0 2024-06-10 18:58:50.538
!MESSAGE Run Ejecucion in C:/Users/fedeg/Downloads/FIUBA/MODELOS 1/IBM - CPLEX (guias y TPs)/modelos_wvcp/WVCP

!ENTRY ilog.odms.ide.opllang.remote 4 0 2024-06-10 19:12:13.886
!MESSAGE run failed
!STACK 0
ilog.concert.IloException: Processing aborted.
	at ilog.opl.opl_lang_wrapJNI.IloOplModel_main(Native Method)
	at ilog.opl.IloOplModel.main(IloOplModel.java:759)
	at ilog.odms.ide.opllang.remote.IloOplRunConfigRunner.doProcessMain(IloOplRunConfigRunner.java:341)
	at ilog.odms.ide.opllang.remote.IloOplRunConfigRunner.doProcessModel(IloOplRunConfigRunner.java:161)
	at ilog.odms.ide.opllang.remote.IloOplRunConfigRunner.doRun(IloOplRunConfigRunner.java:377)
	at ilog.odms.ide.opllang.run.IloAbstractRunShell$2.run(IloAbstractRunShell.java:1605)
	at org.eclipse.core.internal.jobs.Worker.run(Worker.java:63)
!SESSION 2024-06-10 21:38:19.799 -----------------------------------------------
eclipse.buildId=unknown
java.fullversion=11.0.13+8
JRE 11 Windows 10 amd64-64-Bit Compressed References 20211022_218 (JIT enabled, AOT enabled)
OpenJ9   - e1e72c497
OMR      - 299b6a2d2
JCL      - 2d83aa3b76 based on jdk-11.0.13+8
BootLoader constants: OS=win32, ARCH=x86_64, WS=win32, NL=es_AR
Command-line arguments:  -clean -nl es_AR -configuration C:\Users\fedeg\Downloads\FIUBA\MODELOS 1\TP\tercera_parte\tercera_parte\.metadata\workspace_oplrun

!ENTRY ilog.odms.ide.opllang.remote 1 0 2024-06-10 21:38:19.800
!MESSAGE Run Ejecucion in C:/Users/fedeg/Downloads/FIUBA/MODELOS 1/IBM - CPLEX (guias y TPs)/modelos_wvcp/WVCP
!SESSION 2024-06-10 21:54:23.279 -----------------------------------------------
eclipse.buildId=unknown
java.fullversion=11.0.13+8
JRE 11 Windows 10 amd64-64-Bit Compressed References 20211022_218 (JIT enabled, AOT enabled)
OpenJ9   - e1e72c497
OMR      - 299b6a2d2
JCL      - 2d83aa3b76 based on jdk-11.0.13+8
BootLoader constants: OS=win32, ARCH=x86_64, WS=win32, NL=es_AR
Command-line arguments:  -clean -nl es_AR -configuration C:\Users\fedeg\Downloads\FIUBA\MODELOS 1\TP\tercera_parte\tercera_parte\.metadata\workspace_oplrun

!ENTRY ilog.odms.ide.opllang.remote 1 0 2024-06-10 21:54:23.281
!MESSAGE Run Ejecucion in C:/Users/fedeg/Downloads/FIUBA/MODELOS 1/IBM - CPLEX (guias y TPs)/modelos_wvcp/WVCP

!ENTRY ilog.odms.ide.opllang.remote 4 0 2024-06-10 22:05:23.005
!MESSAGE run failed
!STACK 0
ilog.concert.IloException: Processing aborted.
	at ilog.opl.opl_lang_wrapJNI.IloOplModel_main(Native Method)
	at ilog.opl.IloOplModel.main(IloOplModel.java:759)
	at ilog.odms.ide.opllang.remote.IloOplRunConfigRunner.doProcessMain(IloOplRunConfigRunner.java:341)
	at ilog.odms.ide.opllang.remote.IloOplRunConfigRunner.doProcessModel(IloOplRunConfigRunner.java:161)
	at ilog.odms.ide.opllang.remote.IloOplRunConfigRunner.doRun(IloOplRunConfigRunner.java:377)
	at ilog.odms.ide.opllang.run.IloAbstractRunShell$2.run(IloAbstractRunShell.java:1605)
	at org.eclipse.core.internal.jobs.Worker.run(Worker.java:63)
!SESSION 2024-06-10 22:06:09.125 -----------------------------------------------
eclipse.buildId=unknown
java.fullversion=11.0.13+8
JRE 11 Windows 10 amd64-64-Bit Compressed References 20211022_218 (JIT enabled, AOT enabled)
OpenJ9   - e1e72c497
OMR      - 299b6a2d2
JCL      - 2d83aa3b76 based on jdk-11.0.13+8
BootLoader constants: OS=win32, ARCH=x86_64, WS=win32, NL=es_AR
Command-line arguments:  -clean -nl es_AR -configuration C:\Users\fedeg\Downloads\FIUBA\MODELOS 1\TP\tercera_parte\tercera_parte\.metadata\workspace_oplrun

!ENTRY ilog.odms.ide.opllang.remote 1 0 2024-06-10 22:06:09.126
!MESSAGE Run Ejecucion in C:/Users/fedeg/Downloads/FIUBA/MODELOS 1/IBM - CPLEX (guias y TPs)/modelos_wvcp/WVCP
!SESSION 2024-06-10 22:23:49.356 -----------------------------------------------
eclipse.buildId=unknown
java.fullversion=11.0.13+8
JRE 11 Windows 10 amd64-64-Bit Compressed References 20211022_218 (JIT enabled, AOT enabled)
OpenJ9   - e1e72c497
OMR      - 299b6a2d2
JCL      - 2d83aa3b76 based on jdk-11.0.13+8
BootLoader constants: OS=win32, ARCH=x86_64, WS=win32, NL=es_AR
Command-line arguments:  -clean -nl es_AR -configuration C:\Users\fedeg\Downloads\FIUBA\MODELOS 1\TP\tercera_parte\tercera_parte\.metadata\workspace_oplrun

!ENTRY ilog.odms.ide.opllang.remote 1 0 2024-06-10 22:23:49.357
!MESSAGE Run Ejecucion in C:/Users/fedeg/Downloads/FIUBA/MODELOS 1/IBM - CPLEX (guias y TPs)/modelos_wvcp/WVCP
!SESSION 2024-06-10 23:25:50.168 -----------------------------------------------
eclipse.buildId=unknown
java.fullversion=11.0.13+8
JRE 11 Windows 10 amd64-64-Bit Compressed References 20211022_218 (JIT enabled, AOT enabled)
OpenJ9   - e1e72c497
OMR      - 299b6a2d2
JCL      - 2d83aa3b76 based on jdk-11.0.13+8
BootLoader constants: OS=win32, ARCH=x86_64, WS=win32, NL=es_AR
Command-line arguments:  -clean -nl es_AR -configuration C:\Users\fedeg\Downloads\FIUBA\MODELOS 1\TP\tercera_parte\tercera_parte\.metadata\workspace_oplrun

!ENTRY ilog.odms.ide.opllang.remote 1 0 2024-06-10 23:25:50.168
!MESSAGE Run Ejecucion in C:/Users/fedeg/Downloads/FIUBA/MODELOS 1/IBM - CPLEX (guias y TPs)/modelos_wvcp/WVCP
!SESSION 2024-06-10 23:38:20.311 -----------------------------------------------
eclipse.buildId=unknown
java.fullversion=11.0.13+8
JRE 11 Windows 10 amd64-64-Bit Compressed References 20211022_218 (JIT enabled, AOT enabled)
OpenJ9   - e1e72c497
OMR      - 299b6a2d2
JCL      - 2d83aa3b76 based on jdk-11.0.13+8
BootLoader constants: OS=win32, ARCH=x86_64, WS=win32, NL=es_AR
Command-line arguments:  -clean -nl es_AR -configuration C:\Users\fedeg\Downloads\FIUBA\MODELOS 1\TP\tercera_parte\tercera_parte\.metadata\workspace_oplrun

!ENTRY ilog.odms.ide.opllang.remote 1 0 2024-06-10 23:38:20.311
!MESSAGE Run Ejecucion in C:/Users/fedeg/Downloads/FIUBA/MODELOS 1/IBM - CPLEX (guias y TPs)/modelos_wvcp/WVCP
!SESSION 2024-06-10 23:38:40.225 -----------------------------------------------
eclipse.buildId=unknown
java.fullversion=11.0.13+8
JRE 11 Windows 10 amd64-64-Bit Compressed References 20211022_218 (JIT enabled, AOT enabled)
OpenJ9   - e1e72c497
OMR      - 299b6a2d2
JCL      - 2d83aa3b76 based on jdk-11.0.13+8
BootLoader constants: OS=win32, ARCH=x86_64, WS=win32, NL=es_AR
Command-line arguments:  -clean -nl es_AR -configuration C:\Users\fedeg\Downloads\FIUBA\MODELOS 1\TP\tercera_parte\tercera_parte\.metadata\workspace_oplrun

!ENTRY ilog.odms.ide.opllang.remote 1 0 2024-06-10 23:38:40.225
!MESSAGE Run Ejecucion in C:/Users/fedeg/Downloads/FIUBA/MODELOS 1/IBM - CPLEX (guias y TPs)/modelos_wvcp/WVCP
!SESSION 2024-06-10 23:39:41.305 -----------------------------------------------
eclipse.buildId=unknown
java.fullversion=11.0.13+8
JRE 11 Windows 10 amd64-64-Bit Compressed References 20211022_218 (JIT enabled, AOT enabled)
OpenJ9   - e1e72c497
OMR      - 299b6a2d2
JCL      - 2d83aa3b76 based on jdk-11.0.13+8
BootLoader constants: OS=win32, ARCH=x86_64, WS=win32, NL=es_AR
Command-line arguments:  -clean -nl es_AR -configuration C:\Users\fedeg\Downloads\FIUBA\MODELOS 1\TP\tercera_parte\tercera_parte\.metadata\workspace_oplrun

!ENTRY ilog.odms.ide.opllang.remote 1 0 2024-06-10 23:39:41.305
!MESSAGE Run Ejecucion in C:/Users/fedeg/Downloads/FIUBA/MODELOS 1/IBM - CPLEX (guias y TPs)/modelos_wvcp/WVCP
!SESSION 2024-06-11 00:17:54.752 -----------------------------------------------
eclipse.buildId=unknown
java.fullversion=11.0.13+8
JRE 11 Windows 10 amd64-64-Bit Compressed References 20211022_218 (JIT enabled, AOT enabled)
OpenJ9   - e1e72c497
OMR      - 299b6a2d2
JCL      - 2d83aa3b76 based on jdk-11.0.13+8
BootLoader constants: OS=win32, ARCH=x86_64, WS=win32, NL=es_AR
Command-line arguments:  -clean -nl es_AR -configuration C:\Users\fedeg\Downloads\FIUBA\MODELOS 1\TP\tercera_parte\tercera_parte\.metadata\workspace_oplrun

!ENTRY ilog.odms.ide.opllang.remote 1 0 2024-06-11 00:17:54.752
!MESSAGE Run Ejecucion in C:/Users/fedeg/Downloads/FIUBA/MODELOS 1/IBM - CPLEX (guias y TPs)/modelos_wvcp/WVCP
!SESSION 2024-06-11 00:37:13.101 -----------------------------------------------
eclipse.buildId=unknown
java.fullversion=11.0.13+8
JRE 11 Windows 10 amd64-64-Bit Compressed References 20211022_218 (JIT enabled, AOT enabled)
OpenJ9   - e1e72c497
OMR      - 299b6a2d2
JCL      - 2d83aa3b76 based on jdk-11.0.13+8
BootLoader constants: OS=win32, ARCH=x86_64, WS=win32, NL=es_AR
Command-line arguments:  -clean -nl es_AR -configuration C:\Users\fedeg\Downloads\FIUBA\MODELOS 1\TP\tercera_parte\tercera_parte\.metadata\workspace_oplrun

!ENTRY ilog.odms.ide.opllang.remote 1 0 2024-06-11 00:37:13.101
!MESSAGE Run Ejecucion in C:/Users/fedeg/Downloads/FIUBA/MODELOS 1/IBM - CPLEX (guias y TPs)/modelos_wvcp/WVCP
!SESSION 2024-06-11 00:50:03.752 -----------------------------------------------
eclipse.buildId=unknown
java.fullversion=11.0.13+8
JRE 11 Windows 10 amd64-64-Bit Compressed References 20211022_218 (JIT enabled, AOT enabled)
OpenJ9   - e1e72c497
OMR      - 299b6a2d2
JCL      - 2d83aa3b76 based on jdk-11.0.13+8
BootLoader constants: OS=win32, ARCH=x86_64, WS=win32, NL=es_AR
Command-line arguments:  -clean -nl es_AR -configuration C:\Users\fedeg\Downloads\FIUBA\MODELOS 1\TP\tercera_parte\.metadata\workspace_oplrun

!ENTRY ilog.odms.ide.opllang.remote 1 0 2024-06-11 00:50:03.752
!MESSAGE Run Ejecucion in C:/Users/fedeg/Downloads/FIUBA/MODELOS 1/IBM - CPLEX (guias y TPs)/modelos_wvcp/WVCP

!ENTRY ilog.odms.ide.opllang.remote 4 0 2024-06-11 00:50:03.994
!MESSAGE load failed
!STACK 1
org.eclipse.core.runtime.CoreException: load failed
	at ilog.odms.ide.opllang.remote.IloOplRunConfigRunner.doSetUpModel(IloOplRunConfigRunner.java:146)
	at ilog.odms.ide.opllang.remote.IloOplRunConfigRunner.doRun(IloOplRunConfigRunner.java:374)
	at ilog.odms.ide.opllang.run.IloAbstractRunShell$2.run(IloAbstractRunShell.java:1605)
	at org.eclipse.core.internal.jobs.Worker.run(Worker.java:63)
Caused by: ilog.concert.IloException: Impossible to load model.
	at ilog.opl.opl_lang_wrapJNI.IloOplRunConfiguration_getCppOplModel(Native Method)
	at ilog.opl.IloOplRunConfiguration.getCppOplModel(IloOplRunConfiguration.java:240)
	at ilog.opl.IloOplRunConfiguration.getOplModel(IloOplRunConfiguration.java:139)
	at ilog.odms.ide.opllang.remote.IloOplRunConfigRunner.doSetUpModel(IloOplRunConfigRunner.java:140)
	... 3 more
!SUBENTRY 1 ilog.odms.ide.opllang.remote 4 0 2024-06-11 00:50:03.995
!MESSAGE load failed
!STACK 0
ilog.concert.IloException: Impossible to load model.
	at ilog.opl.opl_lang_wrapJNI.IloOplRunConfiguration_getCppOplModel(Native Method)
	at ilog.opl.IloOplRunConfiguration.getCppOplModel(IloOplRunConfiguration.java:240)
	at ilog.opl.IloOplRunConfiguration.getOplModel(IloOplRunConfiguration.java:139)
	at ilog.odms.ide.opllang.remote.IloOplRunConfigRunner.doSetUpModel(IloOplRunConfigRunner.java:140)
	at ilog.odms.ide.opllang.remote.IloOplRunConfigRunner.doRun(IloOplRunConfigRunner.java:374)
	at ilog.odms.ide.opllang.run.IloAbstractRunShell$2.run(IloAbstractRunShell.java:1605)
	at org.eclipse.core.internal.jobs.Worker.run(Worker.java:63)
!SESSION 2024-06-11 00:50:10.966 -----------------------------------------------
eclipse.buildId=unknown
java.fullversion=11.0.13+8
JRE 11 Windows 10 amd64-64-Bit Compressed References 20211022_218 (JIT enabled, AOT enabled)
OpenJ9   - e1e72c497
OMR      - 299b6a2d2
JCL      - 2d83aa3b76 based on jdk-11.0.13+8
BootLoader constants: OS=win32, ARCH=x86_64, WS=win32, NL=es_AR
Command-line arguments:  -clean -nl es_AR -configuration C:\Users\fedeg\Downloads\FIUBA\MODELOS 1\TP\tercera_parte\.metadata\workspace_oplrun

!ENTRY ilog.odms.ide.opllang.remote 1 0 2024-06-11 00:50:10.966
!MESSAGE Run Ejecucion in C:/Users/fedeg/Downloads/FIUBA/MODELOS 1/IBM - CPLEX (guias y TPs)/modelos_wvcp/WVCP

!ENTRY ilog.odms.ide.opllang.remote 4 0 2024-06-11 00:50:11.008
!MESSAGE load failed
!STACK 1
org.eclipse.core.runtime.CoreException: load failed
	at ilog.odms.ide.opllang.remote.IloOplRunConfigRunner.doSetUpModel(IloOplRunConfigRunner.java:146)
	at ilog.odms.ide.opllang.remote.IloOplRunConfigRunner.doRun(IloOplRunConfigRunner.java:374)
	at ilog.odms.ide.opllang.run.IloAbstractRunShell$2.run(IloAbstractRunShell.java:1605)
	at org.eclipse.core.internal.jobs.Worker.run(Worker.java:63)
Caused by: ilog.concert.IloException: Impossible to load model.
	at ilog.opl.opl_lang_wrapJNI.IloOplRunConfiguration_getCppOplModel(Native Method)
	at ilog.opl.IloOplRunConfiguration.getCppOplModel(IloOplRunConfiguration.java:240)
	at ilog.opl.IloOplRunConfiguration.getOplModel(IloOplRunConfiguration.java:139)
	at ilog.odms.ide.opllang.remote.IloOplRunConfigRunner.doSetUpModel(IloOplRunConfigRunner.java:140)
	... 3 more
!SUBENTRY 1 ilog.odms.ide.opllang.remote 4 0 2024-06-11 00:50:11.009
!MESSAGE load failed
!STACK 0
ilog.concert.IloException: Impossible to load model.
	at ilog.opl.opl_lang_wrapJNI.IloOplRunConfiguration_getCppOplModel(Native Method)
	at ilog.opl.IloOplRunConfiguration.getCppOplModel(IloOplRunConfiguration.java:240)
	at ilog.opl.IloOplRunConfiguration.getOplModel(IloOplRunConfiguration.java:139)
	at ilog.odms.ide.opllang.remote.IloOplRunConfigRunner.doSetUpModel(IloOplRunConfigRunner.java:140)
	at ilog.odms.ide.opllang.remote.IloOplRunConfigRunner.doRun(IloOplRunConfigRunner.java:374)
	at ilog.odms.ide.opllang.run.IloAbstractRunShell$2.run(IloAbstractRunShell.java:1605)
	at org.eclipse.core.internal.jobs.Worker.run(Worker.java:63)
!SESSION 2024-06-11 00:50:14.837 -----------------------------------------------
eclipse.buildId=unknown
java.fullversion=11.0.13+8
JRE 11 Windows 10 amd64-64-Bit Compressed References 20211022_218 (JIT enabled, AOT enabled)
OpenJ9   - e1e72c497
OMR      - 299b6a2d2
JCL      - 2d83aa3b76 based on jdk-11.0.13+8
BootLoader constants: OS=win32, ARCH=x86_64, WS=win32, NL=es_AR
Command-line arguments:  -clean -nl es_AR -configuration C:\Users\fedeg\Downloads\FIUBA\MODELOS 1\TP\tercera_parte\.metadata\workspace_oplrun

!ENTRY ilog.odms.ide.opllang.remote 1 0 2024-06-11 00:50:14.837
!MESSAGE Run Ejecucion in C:/Users/fedeg/Downloads/FIUBA/MODELOS 1/IBM - CPLEX (guias y TPs)/modelos_wvcp/WVCP

!ENTRY ilog.odms.ide.opllang.remote 4 0 2024-06-11 00:50:14.879
!MESSAGE load failed
!STACK 1
org.eclipse.core.runtime.CoreException: load failed
	at ilog.odms.ide.opllang.remote.IloOplRunConfigRunner.doSetUpModel(IloOplRunConfigRunner.java:146)
	at ilog.odms.ide.opllang.remote.IloOplRunConfigRunner.doRun(IloOplRunConfigRunner.java:374)
	at ilog.odms.ide.opllang.run.IloAbstractRunShell$2.run(IloAbstractRunShell.java:1605)
	at org.eclipse.core.internal.jobs.Worker.run(Worker.java:63)
Caused by: ilog.concert.IloException: Impossible to load model.
	at ilog.opl.opl_lang_wrapJNI.IloOplRunConfiguration_getCppOplModel(Native Method)
	at ilog.opl.IloOplRunConfiguration.getCppOplModel(IloOplRunConfiguration.java:240)
	at ilog.opl.IloOplRunConfiguration.getOplModel(IloOplRunConfiguration.java:139)
	at ilog.odms.ide.opllang.remote.IloOplRunConfigRunner.doSetUpModel(IloOplRunConfigRunner.java:140)
	... 3 more
!SUBENTRY 1 ilog.odms.ide.opllang.remote 4 0 2024-06-11 00:50:14.879
!MESSAGE load failed
!STACK 0
ilog.concert.IloException: Impossible to load model.
	at ilog.opl.opl_lang_wrapJNI.IloOplRunConfiguration_getCppOplModel(Native Method)
	at ilog.opl.IloOplRunConfiguration.getCppOplModel(IloOplRunConfiguration.java:240)
	at ilog.opl.IloOplRunConfiguration.getOplModel(IloOplRunConfiguration.java:139)
	at ilog.odms.ide.opllang.remote.IloOplRunConfigRunner.doSetUpModel(IloOplRunConfigRunner.java:140)
	at ilog.odms.ide.opllang.remote.IloOplRunConfigRunner.doRun(IloOplRunConfigRunner.java:374)
	at ilog.odms.ide.opllang.run.IloAbstractRunShell$2.run(IloAbstractRunShell.java:1605)
	at org.eclipse.core.internal.jobs.Worker.run(Worker.java:63)
!SESSION 2024-06-11 00:50:26.585 -----------------------------------------------
eclipse.buildId=unknown
java.fullversion=11.0.13+8
JRE 11 Windows 10 amd64-64-Bit Compressed References 20211022_218 (JIT enabled, AOT enabled)
OpenJ9   - e1e72c497
OMR      - 299b6a2d2
JCL      - 2d83aa3b76 based on jdk-11.0.13+8
BootLoader constants: OS=win32, ARCH=x86_64, WS=win32, NL=es_AR
Command-line arguments:  -clean -nl es_AR -configuration C:\Users\fedeg\Downloads\FIUBA\MODELOS 1\TP\tercera_parte\.metadata\workspace_oplrun

!ENTRY ilog.odms.ide.opllang.remote 1 0 2024-06-11 00:50:26.585
!MESSAGE Run Ejecucion in C:/Users/fedeg/Downloads/FIUBA/MODELOS 1/IBM - CPLEX (guias y TPs)/modelos_wvcp/WVCP

!ENTRY ilog.odms.ide.opllang.remote 4 0 2024-06-11 00:50:29.014
!MESSAGE run failed
!STACK 0
ilog.concert.IloException: Processing aborted.
	at ilog.opl.opl_lang_wrapJNI.IloOplModel_main(Native Method)
	at ilog.opl.IloOplModel.main(IloOplModel.java:759)
	at ilog.odms.ide.opllang.remote.IloOplRunConfigRunner.doProcessMain(IloOplRunConfigRunner.java:341)
	at ilog.odms.ide.opllang.remote.IloOplRunConfigRunner.doProcessModel(IloOplRunConfigRunner.java:161)
	at ilog.odms.ide.opllang.remote.IloOplRunConfigRunner.doRun(IloOplRunConfigRunner.java:377)
	at ilog.odms.ide.opllang.run.IloAbstractRunShell$2.run(IloAbstractRunShell.java:1605)
	at org.eclipse.core.internal.jobs.Worker.run(Worker.java:63)
!SESSION 2024-06-11 00:50:34.196 -----------------------------------------------
eclipse.buildId=unknown
java.fullversion=11.0.13+8
JRE 11 Windows 10 amd64-64-Bit Compressed References 20211022_218 (JIT enabled, AOT enabled)
OpenJ9   - e1e72c497
OMR      - 299b6a2d2
JCL      - 2d83aa3b76 based on jdk-11.0.13+8
BootLoader constants: OS=win32, ARCH=x86_64, WS=win32, NL=es_AR
Command-line arguments:  -clean -nl es_AR -configuration C:\Users\fedeg\Downloads\FIUBA\MODELOS 1\TP\tercera_parte\.metadata\workspace_oplrun

!ENTRY ilog.odms.ide.opllang.remote 1 0 2024-06-11 00:50:34.196
!MESSAGE Run Ejecucion in C:/Users/fedeg/Downloads/FIUBA/MODELOS 1/IBM - CPLEX (guias y TPs)/modelos_wvcp/WVCP

!ENTRY ilog.odms.ide.opllang.remote 4 0 2024-06-11 00:51:43.636
!MESSAGE run failed
!STACK 0
ilog.concert.IloException: Processing aborted.
	at ilog.opl.opl_lang_wrapJNI.IloOplModel_main(Native Method)
	at ilog.opl.IloOplModel.main(IloOplModel.java:759)
	at ilog.odms.ide.opllang.remote.IloOplRunConfigRunner.doProcessMain(IloOplRunConfigRunner.java:341)
	at ilog.odms.ide.opllang.remote.IloOplRunConfigRunner.doProcessModel(IloOplRunConfigRunner.java:161)
	at ilog.odms.ide.opllang.remote.IloOplRunConfigRunner.doRun(IloOplRunConfigRunner.java:377)
	at ilog.odms.ide.opllang.run.IloAbstractRunShell$2.run(IloAbstractRunShell.java:1605)
	at org.eclipse.core.internal.jobs.Worker.run(Worker.java:63)
!SESSION 2024-06-11 00:52:05.424 -----------------------------------------------
eclipse.buildId=unknown
java.fullversion=11.0.13+8
JRE 11 Windows 10 amd64-64-Bit Compressed References 20211022_218 (JIT enabled, AOT enabled)
OpenJ9   - e1e72c497
OMR      - 299b6a2d2
JCL      - 2d83aa3b76 based on jdk-11.0.13+8
BootLoader constants: OS=win32, ARCH=x86_64, WS=win32, NL=es_AR
Command-line arguments:  -clean -nl es_AR -configuration C:\Users\fedeg\Downloads\FIUBA\MODELOS 1\TP\tercera_parte\.metadata\workspace_oplrun

!ENTRY ilog.odms.ide.opllang.remote 1 0 2024-06-11 00:52:05.424
!MESSAGE Run Ejecucion in C:/Users/fedeg/Downloads/FIUBA/MODELOS 1/IBM - CPLEX (guias y TPs)/modelos_wvcp/WVCP

!ENTRY ilog.odms.ide.opllang.remote 4 0 2024-06-11 00:53:38.064
!MESSAGE run failed
!STACK 0
ilog.concert.IloException: Processing aborted.
	at ilog.opl.opl_lang_wrapJNI.IloOplModel_main(Native Method)
	at ilog.opl.IloOplModel.main(IloOplModel.java:759)
	at ilog.odms.ide.opllang.remote.IloOplRunConfigRunner.doProcessMain(IloOplRunConfigRunner.java:341)
	at ilog.odms.ide.opllang.remote.IloOplRunConfigRunner.doProcessModel(IloOplRunConfigRunner.java:161)
	at ilog.odms.ide.opllang.remote.IloOplRunConfigRunner.doRun(IloOplRunConfigRunner.java:377)
	at ilog.odms.ide.opllang.run.IloAbstractRunShell$2.run(IloAbstractRunShell.java:1605)
	at org.eclipse.core.internal.jobs.Worker.run(Worker.java:63)
!SESSION 2024-06-11 00:57:36.070 -----------------------------------------------
eclipse.buildId=unknown
java.fullversion=11.0.13+8
JRE 11 Windows 10 amd64-64-Bit Compressed References 20211022_218 (JIT enabled, AOT enabled)
OpenJ9   - e1e72c497
OMR      - 299b6a2d2
JCL      - 2d83aa3b76 based on jdk-11.0.13+8
BootLoader constants: OS=win32, ARCH=x86_64, WS=win32, NL=es_AR
Command-line arguments:  -clean -nl es_AR -configuration C:\Users\fedeg\Downloads\FIUBA\MODELOS 1\TP\tercera_parte\.metadata\workspace_oplrun

!ENTRY ilog.odms.ide.opllang.remote 1 0 2024-06-11 00:57:36.071
!MESSAGE Run Ejecucion in C:/Users/fedeg/Downloads/FIUBA/MODELOS 1/IBM - CPLEX (guias y TPs)/modelos_wvcp/WVCP

!ENTRY ilog.odms.ide.opllang.remote 4 0 2024-06-11 00:59:07.768
!MESSAGE run failed
!STACK 0
ilog.concert.IloException: Processing aborted.
	at ilog.opl.opl_lang_wrapJNI.IloOplModel_main(Native Method)
	at ilog.opl.IloOplModel.main(IloOplModel.java:759)
	at ilog.odms.ide.opllang.remote.IloOplRunConfigRunner.doProcessMain(IloOplRunConfigRunner.java:341)
	at ilog.odms.ide.opllang.remote.IloOplRunConfigRunner.doProcessModel(IloOplRunConfigRunner.java:161)
	at ilog.odms.ide.opllang.remote.IloOplRunConfigRunner.doRun(IloOplRunConfigRunner.java:377)
	at ilog.odms.ide.opllang.run.IloAbstractRunShell$2.run(IloAbstractRunShell.java:1605)
	at org.eclipse.core.internal.jobs.Worker.run(Worker.java:63)
!SESSION 2024-06-11 01:01:40.193 -----------------------------------------------
eclipse.buildId=unknown
java.fullversion=11.0.13+8
JRE 11 Windows 10 amd64-64-Bit Compressed References 20211022_218 (JIT enabled, AOT enabled)
OpenJ9   - e1e72c497
OMR      - 299b6a2d2
JCL      - 2d83aa3b76 based on jdk-11.0.13+8
BootLoader constants: OS=win32, ARCH=x86_64, WS=win32, NL=es_AR
Command-line arguments:  -clean -nl es_AR -configuration C:\Users\fedeg\Downloads\FIUBA\MODELOS 1\TP\tercera_parte\.metadata\workspace_oplrun

!ENTRY ilog.odms.ide.opllang.remote 1 0 2024-06-11 01:01:40.193
!MESSAGE Run Ejecucion in C:/Users/fedeg/Downloads/FIUBA/MODELOS 1/IBM - CPLEX (guias y TPs)/modelos_wvcp/WVCP

!ENTRY ilog.odms.ide.opllang.remote 4 0 2024-06-11 01:03:12.787
!MESSAGE run failed
!STACK 0
ilog.concert.IloException: Processing aborted.
	at ilog.opl.opl_lang_wrapJNI.IloOplModel_main(Native Method)
	at ilog.opl.IloOplModel.main(IloOplModel.java:759)
	at ilog.odms.ide.opllang.remote.IloOplRunConfigRunner.doProcessMain(IloOplRunConfigRunner.java:341)
	at ilog.odms.ide.opllang.remote.IloOplRunConfigRunner.doProcessModel(IloOplRunConfigRunner.java:161)
	at ilog.odms.ide.opllang.remote.IloOplRunConfigRunner.doRun(IloOplRunConfigRunner.java:377)
	at ilog.odms.ide.opllang.run.IloAbstractRunShell$2.run(IloAbstractRunShell.java:1605)
	at org.eclipse.core.internal.jobs.Worker.run(Worker.java:63)
!SESSION 2024-06-11 01:22:11.514 -----------------------------------------------
eclipse.buildId=unknown
java.fullversion=11.0.13+8
JRE 11 Windows 10 amd64-64-Bit Compressed References 20211022_218 (JIT enabled, AOT enabled)
OpenJ9   - e1e72c497
OMR      - 299b6a2d2
JCL      - 2d83aa3b76 based on jdk-11.0.13+8
BootLoader constants: OS=win32, ARCH=x86_64, WS=win32, NL=es_AR
Command-line arguments:  -clean -nl es_AR -configuration C:\Users\fedeg\Downloads\FIUBA\MODELOS 1\TP\tercera_parte\.metadata\workspace_oplrun

!ENTRY ilog.odms.ide.opllang.remote 1 0 2024-06-11 01:22:11.514
!MESSAGE Run Ejecucion in C:/Users/fedeg/Downloads/FIUBA/MODELOS 1/IBM - CPLEX (guias y TPs)/modelos_wvcp/WVCP

!ENTRY ilog.odms.ide.opllang.remote 4 0 2024-06-11 01:24:01.014
!MESSAGE run failed
!STACK 0
ilog.concert.IloException: Processing aborted.
	at ilog.opl.opl_lang_wrapJNI.IloOplModel_main(Native Method)
	at ilog.opl.IloOplModel.main(IloOplModel.java:759)
	at ilog.odms.ide.opllang.remote.IloOplRunConfigRunner.doProcessMain(IloOplRunConfigRunner.java:341)
	at ilog.odms.ide.opllang.remote.IloOplRunConfigRunner.doProcessModel(IloOplRunConfigRunner.java:161)
	at ilog.odms.ide.opllang.remote.IloOplRunConfigRunner.doRun(IloOplRunConfigRunner.java:377)
	at ilog.odms.ide.opllang.run.IloAbstractRunShell$2.run(IloAbstractRunShell.java:1605)
	at org.eclipse.core.internal.jobs.Worker.run(Worker.java:63)
